This is pdfTeX, Version 3.141592653-2.6-1.40.24 (MiKTeX 22.1) (preloaded format=pdflatex 2024.2.13)  13 FEB 2024 16:32
entering extended mode
 restricted \write18 enabled.
 %&-line parsing enabled.
**./template.tex
(template.tex
LaTeX2e <2023-11-01> patch level 1
L3 programming layer <2024-01-22>

(/Users/zeke/Library/Application Support/MiKTeX/texmfs/install/tex/latex/base/r
eport.cls
Document Class: report 2023/05/17 v1.4n Standard LaTeX document class

(/Users/zeke/Library/Application Support/MiKTeX/texmfs/install/tex/latex/base/s
ize10.clo
File: size10.clo 2023/05/17 v1.4n Standard LaTeX file (size option)
)
\c@part=\count187
\c@chapter=\count188
\c@section=\count189
\c@subsection=\count190
\c@subsubsection=\count191
\c@paragraph=\count192
\c@subparagraph=\count193
\c@figure=\count194
\c@table=\count195
\abovecaptionskip=\skip48
\belowcaptionskip=\skip49
\bibindent=\dimen140
) (preamble.tex
(/Users/zeke/Library/Application Support/MiKTeX/texmfs/install/tex/latex/geomet
ry/geometry.sty
Package: geometry 2020/01/02 v5.9 Page Geometry

(/Users/zeke/Library/Application Support/MiKTeX/texmfs/install/tex/latex/graphi
cs/keyval.sty
Package: keyval 2022/05/29 v1.15 key=value parser (DPC)
\KV@toks@=\toks17
)
(/Users/zeke/Library/Application Support/MiKTeX/texmfs/install/tex/generic/ifte
x/ifvtex.sty
Package: ifvtex 2019/10/25 v1.7 ifvtex legacy package. Use iftex instead.

(/Users/zeke/Library/Application Support/MiKTeX/texmfs/install/tex/generic/ifte
x/iftex.sty
Package: iftex 2022/02/03 v1.0f TeX engine tests
))
\Gm@cnth=\count196
\Gm@cntv=\count197
\c@Gm@tempcnt=\count198
\Gm@bindingoffset=\dimen141
\Gm@wd@mp=\dimen142
\Gm@odd@mp=\dimen143
\Gm@even@mp=\dimen144
\Gm@layoutwidth=\dimen145
\Gm@layoutheight=\dimen146
\Gm@layouthoffset=\dimen147
\Gm@layoutvoffset=\dimen148
\Gm@dimlist=\toks18

(/Users/zeke/Library/Application Support/MiKTeX/texmfs/install/tex/latex/geomet
ry/geometry.cfg))
(/Users/zeke/Library/Application Support/MiKTeX/texmfs/install/tex/latex/amsmat
h/amsmath.sty
Package: amsmath 2023/05/13 v2.17o AMS math features
\@mathmargin=\skip50

For additional information on amsmath, use the `?' option.

(/Users/zeke/Library/Application Support/MiKTeX/texmfs/install/tex/latex/amsmat
h/amstext.sty
Package: amstext 2021/08/26 v2.01 AMS text

(/Users/zeke/Library/Application Support/MiKTeX/texmfs/install/tex/latex/amsmat
h/amsgen.sty
File: amsgen.sty 1999/11/30 v2.0 generic functions
\@emptytoks=\toks19
\ex@=\dimen149
))
(/Users/zeke/Library/Application Support/MiKTeX/texmfs/install/tex/latex/amsmat
h/amsbsy.sty
Package: amsbsy 1999/11/29 v1.2d Bold Symbols
\pmbraise@=\dimen150
)
(/Users/zeke/Library/Application Support/MiKTeX/texmfs/install/tex/latex/amsmat
h/amsopn.sty
Package: amsopn 2022/04/08 v2.04 operator names
)
\inf@bad=\count199
LaTeX Info: Redefining \frac on input line 234.
\uproot@=\count266
\leftroot@=\count267
LaTeX Info: Redefining \overline on input line 399.
LaTeX Info: Redefining \colon on input line 410.
\classnum@=\count268
\DOTSCASE@=\count269
LaTeX Info: Redefining \ldots on input line 496.
LaTeX Info: Redefining \dots on input line 499.
LaTeX Info: Redefining \cdots on input line 620.
\Mathstrutbox@=\box51
\strutbox@=\box52
LaTeX Info: Redefining \big on input line 722.
LaTeX Info: Redefining \Big on input line 723.
LaTeX Info: Redefining \bigg on input line 724.
LaTeX Info: Redefining \Bigg on input line 725.
\big@size=\dimen151
LaTeX Font Info:    Redeclaring font encoding OML on input line 743.
LaTeX Font Info:    Redeclaring font encoding OMS on input line 744.
\macc@depth=\count270
LaTeX Info: Redefining \bmod on input line 905.
LaTeX Info: Redefining \pmod on input line 910.
LaTeX Info: Redefining \smash on input line 940.
LaTeX Info: Redefining \relbar on input line 970.
LaTeX Info: Redefining \Relbar on input line 971.
\c@MaxMatrixCols=\count271
\dotsspace@=\muskip16
\c@parentequation=\count272
\dspbrk@lvl=\count273
\tag@help=\toks20
\row@=\count274
\column@=\count275
\maxfields@=\count276
\andhelp@=\toks21
\eqnshift@=\dimen152
\alignsep@=\dimen153
\tagshift@=\dimen154
\tagwidth@=\dimen155
\totwidth@=\dimen156
\lineht@=\dimen157
\@envbody=\toks22
\multlinegap=\skip51
\multlinetaggap=\skip52
\mathdisplay@stack=\toks23
LaTeX Info: Redefining \[ on input line 2953.
LaTeX Info: Redefining \] on input line 2954.
)
(/Users/zeke/Library/Application Support/MiKTeX/texmfs/install/tex/latex/amsfon
ts/amsfonts.sty
Package: amsfonts 2013/01/14 v3.01 Basic AMSFonts support
\symAMSa=\mathgroup4
\symAMSb=\mathgroup5
LaTeX Font Info:    Redeclaring math symbol \hbar on input line 98.
LaTeX Font Info:    Overwriting math alphabet `\mathfrak' in version `bold'
(Font)                  U/euf/m/n --> U/euf/b/n on input line 106.
)
(/Users/zeke/Library/Application Support/MiKTeX/texmfs/install/tex/latex/amscls
/amsthm.sty
Package: amsthm 2020/05/29 v2.20.6
\thm@style=\toks24
\thm@bodyfont=\toks25
\thm@headfont=\toks26
\thm@notefont=\toks27
\thm@headpunct=\toks28
\thm@preskip=\skip53
\thm@postskip=\skip54
\thm@headsep=\skip55
\dth@everypar=\toks29
)
(/Users/zeke/Library/Application Support/MiKTeX/texmfs/install/tex/latex/amsfon
ts/amssymb.sty
Package: amssymb 2013/01/14 v3.01 AMS font symbols
)
(/Users/zeke/Library/Application Support/MiKTeX/texmfs/install/tex/latex/mathto
ols/mathtools.sty
Package: mathtools 2022/06/29 v1.29 mathematical typesetting tools

(/Users/zeke/Library/Application Support/MiKTeX/texmfs/install/tex/latex/tools/
calc.sty
Package: calc 2023/07/08 v4.3 Infix arithmetic (KKT,FJ)
\calc@Acount=\count277
\calc@Bcount=\count278
\calc@Adimen=\dimen158
\calc@Bdimen=\dimen159
\calc@Askip=\skip56
\calc@Bskip=\skip57
LaTeX Info: Redefining \setlength on input line 80.
LaTeX Info: Redefining \addtolength on input line 81.
\calc@Ccount=\count279
\calc@Cskip=\skip58
)
(/Users/zeke/Library/Application Support/MiKTeX/texmfs/install/tex/latex/mathto
ols/mhsetup.sty
Package: mhsetup 2021/03/18 v1.4 programming setup (MH)
)
\g_MT_multlinerow_int=\count280
\l_MT_multwidth_dim=\dimen160
\origjot=\skip59
\l_MT_shortvdotswithinadjustabove_dim=\dimen161
\l_MT_shortvdotswithinadjustbelow_dim=\dimen162
\l_MT_above_intertext_sep=\dimen163
\l_MT_below_intertext_sep=\dimen164
\l_MT_above_shortintertext_sep=\dimen165
\l_MT_below_shortintertext_sep=\dimen166
\xmathstrut@box=\box53
\xmathstrut@dim=\dimen167
)
(/Users/zeke/Library/Application Support/MiKTeX/texmfs/install/tex/latex/newpx/
newpxmath.sty
Package: newpxmath 2023/11/08 v1.533

`newpxmath' v1.533, 2023/11/08 Math macros based on pxfonts (msharpe)
(/Users/zeke/Library/Application Support/MiKTeX/texmfs/install/tex/latex/etoolb
ox/etoolbox.sty
Package: etoolbox 2020/10/05 v2.5k e-TeX tools for LaTeX (JAW)
\etb@tempcnta=\count281
)
(/Users/zeke/Library/Application Support/MiKTeX/texmfs/install/tex/generic/binh
ex/binhex.tex)
(/Users/zeke/Library/Application Support/MiKTeX/texmfs/install/tex/latex/xkeyva
l/xkeyval.sty
Package: xkeyval 2022/06/16 v2.9 package option processing (HA)

(/Users/zeke/Library/Application Support/MiKTeX/texmfs/install/tex/generic/xkey
val/xkeyval.tex
(/Users/zeke/Library/Application Support/MiKTeX/texmfs/install/tex/generic/xkey
val/xkvutils.tex
\XKV@toks=\toks30
\XKV@tempa@toks=\toks31
)
\XKV@depth=\count282
File: xkeyval.tex 2014/12/03 v2.7a key=value parser (HA)
))
(/Users/zeke/Library/Application Support/MiKTeX/texmfs/install/tex/latex/oberdi
ek/centernot.sty
Package: centernot 2016/05/16 v1.4 Centers the not symbol horizontally (HO)
)
\px@tA=\toks32
\px@tB=\toks33
\px@su=\read2
\px@Isdigit=\count283

amsthm NOT loaded
LaTeX Font Info:    Redeclaring symbol font `operators' on input line 222.
LaTeX Font Info:    Overwriting symbol font `operators' in version `normal'
(Font)                  OT1/cmr/m/n --> OT1/cmr/m/n on input line 222.
LaTeX Font Info:    Overwriting symbol font `operators' in version `bold'
(Font)                  OT1/cmr/bx/n --> OT1/cmr/m/n on input line 222.
LaTeX Font Info:    Overwriting symbol font `operators' in version `bold'
(Font)                  OT1/cmr/m/n --> OT1/cmr/b/n on input line 223.
LaTeX Font Info:    Redeclaring math alphabet \mathsf on input line 226.
LaTeX Font Info:    Overwriting math alphabet `\mathsf' in version `normal'
(Font)                  OT1/cmss/m/n --> OT1/cmss/m/n on input line 226.
LaTeX Font Info:    Overwriting math alphabet `\mathsf' in version `bold'
(Font)                  OT1/cmss/bx/n --> OT1/cmss/m/n on input line 226.
LaTeX Font Info:    Redeclaring math alphabet \mathit on input line 227.
LaTeX Font Info:    Overwriting math alphabet `\mathit' in version `normal'
(Font)                  OT1/cmr/m/it --> OT1/cmr/m/it on input line 227.
LaTeX Font Info:    Overwriting math alphabet `\mathit' in version `bold'
(Font)                  OT1/cmr/bx/it --> OT1/cmr/m/it on input line 227.
LaTeX Font Info:    Redeclaring math alphabet \mathtt on input line 228.
LaTeX Font Info:    Overwriting math alphabet `\mathtt' in version `normal'
(Font)                  OT1/cmtt/m/n --> OT1/cmtt/m/n on input line 228.
LaTeX Font Info:    Overwriting math alphabet `\mathtt' in version `bold'
(Font)                  OT1/cmtt/m/n --> OT1/cmtt/m/n on input line 228.
LaTeX Font Info:    Redeclaring math alphabet \mathbf on input line 230.
LaTeX Font Info:    Overwriting math alphabet `\mathbf' in version `normal'
(Font)                  OT1/cmr/bx/n --> OT1/cmr/b/n on input line 230.
LaTeX Font Info:    Overwriting math alphabet `\mathbf' in version `bold'
(Font)                  OT1/cmr/bx/n --> OT1/cmr/b/n on input line 230.
LaTeX Font Info:    Overwriting math alphabet `\mathit' in version `bold'
(Font)                  OT1/cmr/m/it --> OT1/cmr/b/it on input line 231.
LaTeX Font Info:    Overwriting math alphabet `\mathsf' in version `bold'
(Font)                  OT1/cmss/m/n --> OT1/cmss/b/n on input line 233.
LaTeX Font Info:    Overwriting math alphabet `\mathtt' in version `bold'
(Font)                  OT1/cmtt/m/n --> OT1/cmtt/b/n on input line 234.
LaTeX Font Info:    Redeclaring symbol font `letters' on input line 245.
LaTeX Font Info:    Overwriting symbol font `letters' in version `normal'
(Font)                  OML/cmm/m/it --> OML/npxmi/m/it on input line 245.
LaTeX Font Info:    Overwriting symbol font `letters' in version `bold'
(Font)                  OML/cmm/b/it --> OML/npxmi/m/it on input line 245.
LaTeX Font Info:    Overwriting symbol font `letters' in version `bold'
(Font)                  OML/npxmi/m/it --> OML/npxmi/b/it on input line 246.
\symlettersA=\mathgroup6
LaTeX Font Info:    Overwriting symbol font `lettersA' in version `bold'
(Font)                  U/npxmia/m/it --> U/npxmia/b/it on input line 264.
LaTeX Font Info:    Redeclaring math alphabet \mathfrak on input line 266.
Now handling font encoding LMS ...
... no UTF-8 mapping file for font encoding LMS
LaTeX Font Info:    Redeclaring symbol font `symbols' on input line 274.
LaTeX Font Info:    Encoding `OMS' has changed to `LMS' for symbol font
(Font)              `symbols' in the math version `normal' on input line 274.
LaTeX Font Info:    Overwriting symbol font `symbols' in version `normal'
(Font)                  OMS/cmsy/m/n --> LMS/npxsy/m/n on input line 274.
LaTeX Font Info:    Encoding `OMS' has changed to `LMS' for symbol font
(Font)              `symbols' in the math version `bold' on input line 274.
LaTeX Font Info:    Overwriting symbol font `symbols' in version `bold'
(Font)                  OMS/cmsy/b/n --> LMS/npxsy/m/n on input line 274.
LaTeX Font Info:    Overwriting symbol font `symbols' in version `bold'
(Font)                  LMS/npxsy/m/n --> LMS/npxsy/b/n on input line 275.
\symAMSm=\mathgroup7
LaTeX Font Info:    Overwriting symbol font `AMSm' in version `bold'
(Font)                  U/npxsym/m/n --> U/npxsym/b/n on input line 295.
\symsymbolsC=\mathgroup8
LaTeX Font Info:    Overwriting symbol font `symbolsC' in version `bold'
(Font)                  U/npxsyc/m/n --> U/npxsyc/b/n on input line 317.
Now handling font encoding LMX ...
... no UTF-8 mapping file for font encoding LMX
LaTeX Font Info:    Redeclaring symbol font `largesymbols' on input line 337.
LaTeX Font Info:    Encoding `OMX' has changed to `LMX' for symbol font
(Font)              `largesymbols' in the math version `normal' on input line 3
37.
LaTeX Font Info:    Overwriting symbol font `largesymbols' in version `normal'
(Font)                  OMX/cmex/m/n --> LMX/npxexx/m/n on input line 337.
LaTeX Font Info:    Encoding `OMX' has changed to `LMX' for symbol font
(Font)              `largesymbols' in the math version `bold' on input line 337
.
LaTeX Font Info:    Overwriting symbol font `largesymbols' in version `bold'
(Font)                  OMX/cmex/m/n --> LMX/npxexx/m/n on input line 337.
LaTeX Font Info:    Overwriting symbol font `largesymbols' in version `bold'
(Font)                  LMX/npxexx/m/n --> LMX/npxexx/b/n on input line 338.
\symlargesymbolsPXA=\mathgroup9
LaTeX Font Info:    Overwriting symbol font `largesymbolsPXA' in version `bold'

(Font)                  U/npxexa/m/n --> U/npxexa/b/n on input line 345.
\px@cntz=\count284
\px@IsAlNum=\count285
\px@sbptoks=\toks34
LaTeX Font Info:    Redeclaring math delimiter \lfloor on input line 500.
LaTeX Font Info:    Redeclaring math delimiter \rfloor on input line 501.
LaTeX Font Info:    Redeclaring math delimiter \lceil on input line 502.
LaTeX Font Info:    Redeclaring math delimiter \rceil on input line 503.
LaTeX Font Info:    Redeclaring math delimiter \lbrace on input line 508.
LaTeX Font Info:    Redeclaring math delimiter \rbrace on input line 509.
LaTeX Font Info:    Redeclaring math delimiter \langle on input line 511.
LaTeX Font Info:    Redeclaring math delimiter \rangle on input line 513.
LaTeX Font Info:    Redeclaring math delimiter \arrowvert on input line 517.
LaTeX Font Info:    Redeclaring math delimiter \vert on input line 518.
LaTeX Font Info:    Redeclaring math symbol \parallel on input line 519.
LaTeX Font Info:    Redeclaring math delimiter \Arrowvert on input line 520.
LaTeX Font Info:    Redeclaring math accent \grave on input line 560.
LaTeX Font Info:    Redeclaring math accent \acute on input line 561.
LaTeX Font Info:    Redeclaring math accent \hat on input line 562.
LaTeX Font Info:    Redeclaring math accent \tilde on input line 563.
LaTeX Font Info:    Redeclaring math accent \bar on input line 564.
LaTeX Font Info:    Redeclaring math accent \breve on input line 565.
LaTeX Font Info:    Redeclaring math accent \mathring on input line 566.
LaTeX Font Info:    Redeclaring math accent \check on input line 567.
LaTeX Font Info:    Redeclaring math accent \dot on input line 571.
LaTeX Font Info:    Redeclaring math accent \ddot on input line 572.
LaTeX Font Info:    Redeclaring math accent \vec on input line 1617.
LaTeX Info: Redefining \Bbbk on input line 2194.
LaTeX Info: Redefining \not on input line 2476.
LaTeX Info: Redefining \textsquare on input line 2491.
LaTeX Info: Redefining \openbox on input line 2493.
)
(/Users/zeke/Library/Application Support/MiKTeX/texmfs/install/tex/latex/l3pack
ages/xfrac/xfrac.sty
(/Users/zeke/Library/Application Support/MiKTeX/texmfs/install/tex/latex/l3kern
el/expl3.sty
Package: expl3 2024-01-22 L3 programming layer (loader) 

(/Users/zeke/Library/Application Support/MiKTeX/texmfs/install/tex/latex/l3back
end/l3backend-pdftex.def
File: l3backend-pdftex.def 2024-01-04 L3 backend support: PDF output (pdfTeX)
\l__color_backend_stack_int=\count286
\l__pdf_internal_box=\box54
))
(/Users/zeke/Library/Application Support/MiKTeX/texmfs/install/tex/latex/graphi
cs/graphicx.sty
Package: graphicx 2021/09/16 v1.2d Enhanced LaTeX Graphics (DPC,SPQR)

(/Users/zeke/Library/Application Support/MiKTeX/texmfs/install/tex/latex/graphi
cs/graphics.sty
Package: graphics 2022/03/10 v1.4e Standard LaTeX Graphics (DPC,SPQR)

(/Users/zeke/Library/Application Support/MiKTeX/texmfs/install/tex/latex/graphi
cs/trig.sty
Package: trig 2021/08/11 v1.11 sin cos tan (DPC)
)
(/Users/zeke/Library/Application Support/MiKTeX/texmfs/install/tex/latex/graphi
cs-cfg/graphics.cfg
File: graphics.cfg 2016/06/04 v1.11 sample graphics configuration
)
Package graphics Info: Driver file: pdftex.def on input line 107.

(/Users/zeke/Library/Application Support/MiKTeX/texmfs/install/tex/latex/graphi
cs-def/pdftex.def
File: pdftex.def 2022/09/22 v1.2b Graphics/color driver for pdftex
))
\Gin@req@height=\dimen168
\Gin@req@width=\dimen169
)
(/Users/zeke/Library/Application Support/MiKTeX/texmfs/install/tex/latex/l3pack
ages/l3keys2e/l3keys2e.sty
Package: l3keys2e 2023-10-10 LaTeX2e option processing using LaTeX3 keys
)
(/Users/zeke/Library/Application Support/MiKTeX/texmfs/install/tex/latex/base/t
extcomp.sty
Package: textcomp 2020/02/02 v2.0n Standard LaTeX package
)
(/Users/zeke/Library/Application Support/MiKTeX/texmfs/install/tex/latex/l3pack
ages/xparse/xparse.sty
Package: xparse 2023-10-10 L3 Experimental document command parser
)
(/Users/zeke/Library/Application Support/MiKTeX/texmfs/install/tex/latex/l3pack
ages/xtemplate/xtemplate.sty
Package: xtemplate 2023-10-10 L3 Experimental prototype document functions
\l__xtemplate_tmp_dim=\dimen170
\l__xtemplate_tmp_int=\count287
\l__xtemplate_tmp_muskip=\muskip17
\l__xtemplate_tmp_skip=\skip60
)
Package: xfrac 2023-10-10 L3 Experimental split-level fractions
\l__xfrac_slash_box=\box55
\l__xfrac_tmp_box=\box56
\l__xfrac_denominator_bot_sep_dim=\dimen171
\l__xfrac_numerator_bot_sep_dim=\dimen172
\l__xfrac_numerator_top_sep_dim=\dimen173
\l__xfrac_slash_left_sep_dim=\dimen174
\l__xfrac_slash_right_sep_dim=\dimen175
\l__xfrac_slash_left_muskip=\muskip18
\l__xfrac_slash_right_muskip=\muskip19

Package xtemplate Info: Declaring object type 'xfrac' taking 3 argument(s) on
(xtemplate)             line 80.

)
(/Users/zeke/Library/Application Support/MiKTeX/texmfs/install/tex/latex/cancel
/cancel.sty
Package: cancel 2013/04/12 v2.2 Cancel math terms
)
(/Users/zeke/Library/Application Support/MiKTeX/texmfs/install/tex/latex/bookma
rk/bookmark.sty
Package: bookmark 2023-12-10 v1.31 PDF bookmarks (HO)

(/Users/zeke/Library/Application Support/MiKTeX/texmfs/install/tex/latex/hyperr
ef/hyperref.sty
Package: hyperref 2024-01-20 v7.01h Hypertext links for LaTeX

(/Users/zeke/Library/Application Support/MiKTeX/texmfs/install/tex/latex/kvsetk
eys/kvsetkeys.sty
Package: kvsetkeys 2022-10-05 v1.19 Key value parser (HO)
)
(/Users/zeke/Library/Application Support/MiKTeX/texmfs/install/tex/generic/kvde
finekeys/kvdefinekeys.sty
Package: kvdefinekeys 2019-12-19 v1.6 Define keys (HO)
)
(/Users/zeke/Library/Application Support/MiKTeX/texmfs/install/tex/generic/pdfe
scape/pdfescape.sty
Package: pdfescape 2019/12/09 v1.15 Implements pdfTeX's escape features (HO)

(/Users/zeke/Library/Application Support/MiKTeX/texmfs/install/tex/generic/ltxc
mds/ltxcmds.sty
Package: ltxcmds 2023-12-04 v1.26 LaTeX kernel commands for general use (HO)
)
(/Users/zeke/Library/Application Support/MiKTeX/texmfs/install/tex/generic/pdft
excmds/pdftexcmds.sty
Package: pdftexcmds 2020-06-27 v0.33 Utility functions of pdfTeX for LuaTeX (HO
)

(/Users/zeke/Library/Application Support/MiKTeX/texmfs/install/tex/generic/infw
arerr/infwarerr.sty
Package: infwarerr 2019/12/03 v1.5 Providing info/warning/error messages (HO)
)
Package pdftexcmds Info: \pdf@primitive is available.
Package pdftexcmds Info: \pdf@ifprimitive is available.
Package pdftexcmds Info: \pdfdraftmode found.
))
(/Users/zeke/Library/Application Support/MiKTeX/texmfs/install/tex/latex/hycolo
r/hycolor.sty
Package: hycolor 2020-01-27 v1.10 Color options for hyperref/bookmark (HO)
)
(/Users/zeke/Library/Application Support/MiKTeX/texmfs/install/tex/latex/auxhoo
k/auxhook.sty
Package: auxhook 2019-12-17 v1.6 Hooks for auxiliary files (HO)
)
(/Users/zeke/Library/Application Support/MiKTeX/texmfs/install/tex/latex/hyperr
ef/nameref.sty
Package: nameref 2023-11-26 v2.56 Cross-referencing by name of section

(/Users/zeke/Library/Application Support/MiKTeX/texmfs/install/tex/latex/refcou
nt/refcount.sty
Package: refcount 2019/12/15 v3.6 Data extraction from label references (HO)
)
(/Users/zeke/Library/Application Support/MiKTeX/texmfs/install/tex/generic/gett
itlestring/gettitlestring.sty
Package: gettitlestring 2019/12/15 v1.6 Cleanup title references (HO)

(/Users/zeke/Library/Application Support/MiKTeX/texmfs/install/tex/latex/kvopti
ons/kvoptions.sty
Package: kvoptions 2022-06-15 v3.15 Key value format for package options (HO)
))
\c@section@level=\count288
)
\@linkdim=\dimen176
\Hy@linkcounter=\count289
\Hy@pagecounter=\count290

(/Users/zeke/Library/Application Support/MiKTeX/texmfs/install/tex/latex/hyperr
ef/pd1enc.def
File: pd1enc.def 2024-01-20 v7.01h Hyperref: PDFDocEncoding definition (HO)
Now handling font encoding PD1 ...
... no UTF-8 mapping file for font encoding PD1
)
(/Users/zeke/Library/Application Support/MiKTeX/texmfs/install/tex/generic/intc
alc/intcalc.sty
Package: intcalc 2019/12/15 v1.3 Expandable calculations with integers (HO)
)
\Hy@SavedSpaceFactor=\count291

(/Users/zeke/Library/Application Support/MiKTeX/texmfs/install/tex/latex/hyperr
ef/puenc.def
File: puenc.def 2024-01-20 v7.01h Hyperref: PDF Unicode definition (HO)
Now handling font encoding PU ...
... no UTF-8 mapping file for font encoding PU
)
Package hyperref Info: Hyper figures OFF on input line 4179.
Package hyperref Info: Link nesting OFF on input line 4184.
Package hyperref Info: Hyper index ON on input line 4187.
Package hyperref Info: Plain pages OFF on input line 4194.
Package hyperref Info: Backreferencing OFF on input line 4199.
Package hyperref Info: Implicit mode ON; LaTeX internals redefined.
Package hyperref Info: Bookmarks ON on input line 4446.
\c@Hy@tempcnt=\count292

(/Users/zeke/Library/Application Support/MiKTeX/texmfs/install/tex/latex/url/ur
l.sty
\Urlmuskip=\muskip20
Package: url 2013/09/16  ver 3.4  Verb mode for urls, etc.
)
LaTeX Info: Redefining \url on input line 4784.
\XeTeXLinkMargin=\dimen177

(/Users/zeke/Library/Application Support/MiKTeX/texmfs/install/tex/generic/bits
et/bitset.sty
Package: bitset 2019/12/09 v1.3 Handle bit-vector datatype (HO)

(/Users/zeke/Library/Application Support/MiKTeX/texmfs/install/tex/generic/bigi
ntcalc/bigintcalc.sty
Package: bigintcalc 2019/12/15 v1.5 Expandable calculations on big integers (HO
)
))
\Fld@menulength=\count293
\Field@Width=\dimen178
\Fld@charsize=\dimen179
Package hyperref Info: Hyper figures OFF on input line 6063.
Package hyperref Info: Link nesting OFF on input line 6068.
Package hyperref Info: Hyper index ON on input line 6071.
Package hyperref Info: backreferencing OFF on input line 6078.
Package hyperref Info: Link coloring OFF on input line 6083.
Package hyperref Info: Link coloring with OCG OFF on input line 6088.
Package hyperref Info: PDF/A mode OFF on input line 6093.

(/Users/zeke/Library/Application Support/MiKTeX/texmfs/install/tex/latex/base/a
tbegshi-ltx.sty
Package: atbegshi-ltx 2021/01/10 v1.0c Emulation of the original atbegshi
package with kernel methods
)
\Hy@abspage=\count294
\c@Item=\count295
\c@Hfootnote=\count296
)
Package hyperref Info: Driver (autodetected): hpdftex.

(/Users/zeke/Library/Application Support/MiKTeX/texmfs/install/tex/latex/hyperr
ef/hpdftex.def
File: hpdftex.def 2024-01-20 v7.01h Hyperref driver for pdfTeX

(/Users/zeke/Library/Application Support/MiKTeX/texmfs/install/tex/latex/base/a
tveryend-ltx.sty
Package: atveryend-ltx 2020/08/19 v1.0a Emulation of the original atveryend pac
kage
with kernel methods
)
\Fld@listcount=\count297
\c@bookmark@seq@number=\count298

(/Users/zeke/Library/Application Support/MiKTeX/texmfs/install/tex/latex/rerunf
ilecheck/rerunfilecheck.sty
Package: rerunfilecheck 2022-07-10 v1.10 Rerun checks for auxiliary files (HO)

(/Users/zeke/Library/Application Support/MiKTeX/texmfs/install/tex/generic/uniq
uecounter/uniquecounter.sty
Package: uniquecounter 2019/12/15 v1.4 Provide unlimited unique counter (HO)
)
Package uniquecounter Info: New unique counter `rerunfilecheck' on input line 2
85.
)
\Hy@SectionHShift=\skip61
)
(/Users/zeke/Library/Application Support/MiKTeX/texmfs/install/tex/latex/bookma
rk/bkm-pdftex.def
File: bkm-pdftex.def 2023-12-10 v1.31 bookmark driver for pdfTeX and luaTeX (HO
)
\BKM@id=\count299
))
(/Users/zeke/Library/Application Support/MiKTeX/texmfs/install/tex/latex/enumit
em/enumitem.sty
Package: enumitem 2019/06/20 v3.9 Customized lists
\labelindent=\skip62
\enit@outerparindent=\dimen180
\enit@toks=\toks35
\enit@inbox=\box57
\enit@count@id=\count300
\enitdp@description=\count301
)
(/Users/zeke/Library/Application Support/MiKTeX/texmfs/install/tex/latex/theore
mref/theoremref.sty
Package: theoremref 2013/05/22 References with automatic theorem names
\thmref@num=\count302
)
Package hyperref Info: Option `colorlinks' set `true' on input line 20.
Package hyperref Info: Option `bookmarksnumbered' set `true' on input line 20.
Package hyperref Info: Option `bookmarksopen' set `true' on input line 20.

(/Users/zeke/Library/Application Support/MiKTeX/texmfs/install/tex/latex/tcolor
box/tcolorbox.sty
Package: tcolorbox 2024/01/10 version 6.2.0 text color boxes

(/Users/zeke/Library/Application Support/MiKTeX/texmfs/install/tex/latex/pgf/ba
siclayer/pgf.sty
(/Users/zeke/Library/Application Support/MiKTeX/texmfs/install/tex/latex/pgf/ut
ilities/pgfrcs.sty
(/Users/zeke/Library/Application Support/MiKTeX/texmfs/install/tex/generic/pgf/
utilities/pgfutil-common.tex
\pgfutil@everybye=\toks36
\pgfutil@tempdima=\dimen181
\pgfutil@tempdimb=\dimen182
)
(/Users/zeke/Library/Application Support/MiKTeX/texmfs/install/tex/generic/pgf/
utilities/pgfutil-latex.def
\pgfutil@abb=\box58
)
(/Users/zeke/Library/Application Support/MiKTeX/texmfs/install/tex/generic/pgf/
utilities/pgfrcs.code.tex
(/Users/zeke/Library/Application Support/MiKTeX/texmfs/install/tex/generic/pgf/
pgf.revision.tex)
Package: pgfrcs 2023-01-15 v3.1.10 (3.1.10)
))
Package: pgf 2023-01-15 v3.1.10 (3.1.10)

(/Users/zeke/Library/Application Support/MiKTeX/texmfs/install/tex/latex/pgf/ba
siclayer/pgfcore.sty
(/Users/zeke/Library/Application Support/MiKTeX/texmfs/install/tex/latex/pgf/sy
stemlayer/pgfsys.sty
(/Users/zeke/Library/Application Support/MiKTeX/texmfs/install/tex/generic/pgf/
systemlayer/pgfsys.code.tex
Package: pgfsys 2023-01-15 v3.1.10 (3.1.10)

(/Users/zeke/Library/Application Support/MiKTeX/texmfs/install/tex/generic/pgf/
utilities/pgfkeys.code.tex
\pgfkeys@pathtoks=\toks37
\pgfkeys@temptoks=\toks38

(/Users/zeke/Library/Application Support/MiKTeX/texmfs/install/tex/generic/pgf/
utilities/pgfkeyslibraryfiltered.code.tex
\pgfkeys@tmptoks=\toks39
))
\pgf@x=\dimen183
\pgf@y=\dimen184
\pgf@xa=\dimen185
\pgf@ya=\dimen186
\pgf@xb=\dimen187
\pgf@yb=\dimen188
\pgf@xc=\dimen189
\pgf@yc=\dimen190
\pgf@xd=\dimen191
\pgf@yd=\dimen192
\w@pgf@writea=\write3
\r@pgf@reada=\read3
\c@pgf@counta=\count303
\c@pgf@countb=\count304
\c@pgf@countc=\count305
\c@pgf@countd=\count306
\t@pgf@toka=\toks40
\t@pgf@tokb=\toks41
\t@pgf@tokc=\toks42
\pgf@sys@id@count=\count307

(/Users/zeke/Library/Application Support/MiKTeX/texmfs/install/tex/generic/pgf/
systemlayer/pgf.cfg
File: pgf.cfg 2023-01-15 v3.1.10 (3.1.10)
)
Driver file for pgf: pgfsys-pdftex.def

(/Users/zeke/Library/Application Support/MiKTeX/texmfs/install/tex/generic/pgf/
systemlayer/pgfsys-pdftex.def
File: pgfsys-pdftex.def 2023-01-15 v3.1.10 (3.1.10)

(/Users/zeke/Library/Application Support/MiKTeX/texmfs/install/tex/generic/pgf/
systemlayer/pgfsys-common-pdf.def
File: pgfsys-common-pdf.def 2023-01-15 v3.1.10 (3.1.10)
)))
(/Users/zeke/Library/Application Support/MiKTeX/texmfs/install/tex/generic/pgf/
systemlayer/pgfsyssoftpath.code.tex
File: pgfsyssoftpath.code.tex 2023-01-15 v3.1.10 (3.1.10)
\pgfsyssoftpath@smallbuffer@items=\count308
\pgfsyssoftpath@bigbuffer@items=\count309
)
(/Users/zeke/Library/Application Support/MiKTeX/texmfs/install/tex/generic/pgf/
systemlayer/pgfsysprotocol.code.tex
File: pgfsysprotocol.code.tex 2023-01-15 v3.1.10 (3.1.10)
))
(/Users/zeke/Library/Application Support/MiKTeX/texmfs/install/tex/latex/xcolor
/xcolor.sty
Package: xcolor 2023/11/15 v3.01 LaTeX color extensions (UK)

(/Users/zeke/Library/Application Support/MiKTeX/texmfs/install/tex/latex/graphi
cs-cfg/color.cfg
File: color.cfg 2016/01/02 v1.6 sample color configuration
)
Package xcolor Info: Driver file: pdftex.def on input line 274.

(/Users/zeke/Library/Application Support/MiKTeX/texmfs/install/tex/latex/graphi
cs/mathcolor.ltx)
Package xcolor Info: Model `cmy' substituted by `cmy0' on input line 1350.
Package xcolor Info: Model `hsb' substituted by `rgb' on input line 1354.
Package xcolor Info: Model `RGB' extended on input line 1366.
Package xcolor Info: Model `HTML' substituted by `rgb' on input line 1368.
Package xcolor Info: Model `Hsb' substituted by `hsb' on input line 1369.
Package xcolor Info: Model `tHsb' substituted by `hsb' on input line 1370.
Package xcolor Info: Model `HSB' substituted by `hsb' on input line 1371.
Package xcolor Info: Model `Gray' substituted by `gray' on input line 1372.
Package xcolor Info: Model `wave' substituted by `hsb' on input line 1373.
)
(/Users/zeke/Library/Application Support/MiKTeX/texmfs/install/tex/generic/pgf/
basiclayer/pgfcore.code.tex
Package: pgfcore 2023-01-15 v3.1.10 (3.1.10)

(/Users/zeke/Library/Application Support/MiKTeX/texmfs/install/tex/generic/pgf/
math/pgfmath.code.tex
(/Users/zeke/Library/Application Support/MiKTeX/texmfs/install/tex/generic/pgf/
math/pgfmathutil.code.tex)
(/Users/zeke/Library/Application Support/MiKTeX/texmfs/install/tex/generic/pgf/
math/pgfmathparser.code.tex
\pgfmath@dimen=\dimen193
\pgfmath@count=\count310
\pgfmath@box=\box59
\pgfmath@toks=\toks43
\pgfmath@stack@operand=\toks44
\pgfmath@stack@operation=\toks45
)
(/Users/zeke/Library/Application Support/MiKTeX/texmfs/install/tex/generic/pgf/
math/pgfmathfunctions.code.tex)
(/Users/zeke/Library/Application Support/MiKTeX/texmfs/install/tex/generic/pgf/
math/pgfmathfunctions.basic.code.tex)
(/Users/zeke/Library/Application Support/MiKTeX/texmfs/install/tex/generic/pgf/
math/pgfmathfunctions.trigonometric.code.tex)
(/Users/zeke/Library/Application Support/MiKTeX/texmfs/install/tex/generic/pgf/
math/pgfmathfunctions.random.code.tex)
(/Users/zeke/Library/Application Support/MiKTeX/texmfs/install/tex/generic/pgf/
math/pgfmathfunctions.comparison.code.tex)
(/Users/zeke/Library/Application Support/MiKTeX/texmfs/install/tex/generic/pgf/
math/pgfmathfunctions.base.code.tex)
(/Users/zeke/Library/Application Support/MiKTeX/texmfs/install/tex/generic/pgf/
math/pgfmathfunctions.round.code.tex)
(/Users/zeke/Library/Application Support/MiKTeX/texmfs/install/tex/generic/pgf/
math/pgfmathfunctions.misc.code.tex)
(/Users/zeke/Library/Application Support/MiKTeX/texmfs/install/tex/generic/pgf/
math/pgfmathfunctions.integerarithmetics.code.tex)
(/Users/zeke/Library/Application Support/MiKTeX/texmfs/install/tex/generic/pgf/
math/pgfmathcalc.code.tex)
(/Users/zeke/Library/Application Support/MiKTeX/texmfs/install/tex/generic/pgf/
math/pgfmathfloat.code.tex
\c@pgfmathroundto@lastzeros=\count311
))
(/Users/zeke/Library/Application Support/MiKTeX/texmfs/install/tex/generic/pgf/
math/pgfint.code.tex)
(/Users/zeke/Library/Application Support/MiKTeX/texmfs/install/tex/generic/pgf/
basiclayer/pgfcorepoints.code.tex
File: pgfcorepoints.code.tex 2023-01-15 v3.1.10 (3.1.10)
\pgf@picminx=\dimen194
\pgf@picmaxx=\dimen195
\pgf@picminy=\dimen196
\pgf@picmaxy=\dimen197
\pgf@pathminx=\dimen198
\pgf@pathmaxx=\dimen199
\pgf@pathminy=\dimen256
\pgf@pathmaxy=\dimen257
\pgf@xx=\dimen258
\pgf@xy=\dimen259
\pgf@yx=\dimen260
\pgf@yy=\dimen261
\pgf@zx=\dimen262
\pgf@zy=\dimen263
)
(/Users/zeke/Library/Application Support/MiKTeX/texmfs/install/tex/generic/pgf/
basiclayer/pgfcorepathconstruct.code.tex
File: pgfcorepathconstruct.code.tex 2023-01-15 v3.1.10 (3.1.10)
\pgf@path@lastx=\dimen264
\pgf@path@lasty=\dimen265
)
(/Users/zeke/Library/Application Support/MiKTeX/texmfs/install/tex/generic/pgf/
basiclayer/pgfcorepathusage.code.tex
File: pgfcorepathusage.code.tex 2023-01-15 v3.1.10 (3.1.10)
\pgf@shorten@end@additional=\dimen266
\pgf@shorten@start@additional=\dimen267
)
(/Users/zeke/Library/Application Support/MiKTeX/texmfs/install/tex/generic/pgf/
basiclayer/pgfcorescopes.code.tex
File: pgfcorescopes.code.tex 2023-01-15 v3.1.10 (3.1.10)
\pgfpic=\box60
\pgf@hbox=\box61
\pgf@layerbox@main=\box62
\pgf@picture@serial@count=\count312
)
(/Users/zeke/Library/Application Support/MiKTeX/texmfs/install/tex/generic/pgf/
basiclayer/pgfcoregraphicstate.code.tex
File: pgfcoregraphicstate.code.tex 2023-01-15 v3.1.10 (3.1.10)
\pgflinewidth=\dimen268
)
(/Users/zeke/Library/Application Support/MiKTeX/texmfs/install/tex/generic/pgf/
basiclayer/pgfcoretransformations.code.tex
File: pgfcoretransformations.code.tex 2023-01-15 v3.1.10 (3.1.10)
\pgf@pt@x=\dimen269
\pgf@pt@y=\dimen270
\pgf@pt@temp=\dimen271
)
(/Users/zeke/Library/Application Support/MiKTeX/texmfs/install/tex/generic/pgf/
basiclayer/pgfcorequick.code.tex
File: pgfcorequick.code.tex 2023-01-15 v3.1.10 (3.1.10)
)
(/Users/zeke/Library/Application Support/MiKTeX/texmfs/install/tex/generic/pgf/
basiclayer/pgfcoreobjects.code.tex
File: pgfcoreobjects.code.tex 2023-01-15 v3.1.10 (3.1.10)
)
(/Users/zeke/Library/Application Support/MiKTeX/texmfs/install/tex/generic/pgf/
basiclayer/pgfcorepathprocessing.code.tex
File: pgfcorepathprocessing.code.tex 2023-01-15 v3.1.10 (3.1.10)
)
(/Users/zeke/Library/Application Support/MiKTeX/texmfs/install/tex/generic/pgf/
basiclayer/pgfcorearrows.code.tex
File: pgfcorearrows.code.tex 2023-01-15 v3.1.10 (3.1.10)
\pgfarrowsep=\dimen272
)
(/Users/zeke/Library/Application Support/MiKTeX/texmfs/install/tex/generic/pgf/
basiclayer/pgfcoreshade.code.tex
File: pgfcoreshade.code.tex 2023-01-15 v3.1.10 (3.1.10)
\pgf@max=\dimen273
\pgf@sys@shading@range@num=\count313
\pgf@shadingcount=\count314
)
(/Users/zeke/Library/Application Support/MiKTeX/texmfs/install/tex/generic/pgf/
basiclayer/pgfcoreimage.code.tex
File: pgfcoreimage.code.tex 2023-01-15 v3.1.10 (3.1.10)
)
(/Users/zeke/Library/Application Support/MiKTeX/texmfs/install/tex/generic/pgf/
basiclayer/pgfcoreexternal.code.tex
File: pgfcoreexternal.code.tex 2023-01-15 v3.1.10 (3.1.10)
\pgfexternal@startupbox=\box63
)
(/Users/zeke/Library/Application Support/MiKTeX/texmfs/install/tex/generic/pgf/
basiclayer/pgfcorelayers.code.tex
File: pgfcorelayers.code.tex 2023-01-15 v3.1.10 (3.1.10)
)
(/Users/zeke/Library/Application Support/MiKTeX/texmfs/install/tex/generic/pgf/
basiclayer/pgfcoretransparency.code.tex
File: pgfcoretransparency.code.tex 2023-01-15 v3.1.10 (3.1.10)
)
(/Users/zeke/Library/Application Support/MiKTeX/texmfs/install/tex/generic/pgf/
basiclayer/pgfcorepatterns.code.tex
File: pgfcorepatterns.code.tex 2023-01-15 v3.1.10 (3.1.10)
)
(/Users/zeke/Library/Application Support/MiKTeX/texmfs/install/tex/generic/pgf/
basiclayer/pgfcorerdf.code.tex
File: pgfcorerdf.code.tex 2023-01-15 v3.1.10 (3.1.10)
)))
(/Users/zeke/Library/Application Support/MiKTeX/texmfs/install/tex/generic/pgf/
modules/pgfmoduleshapes.code.tex
File: pgfmoduleshapes.code.tex 2023-01-15 v3.1.10 (3.1.10)
\pgfnodeparttextbox=\box64
)
(/Users/zeke/Library/Application Support/MiKTeX/texmfs/install/tex/generic/pgf/
modules/pgfmoduleplot.code.tex
File: pgfmoduleplot.code.tex 2023-01-15 v3.1.10 (3.1.10)
)
(/Users/zeke/Library/Application Support/MiKTeX/texmfs/install/tex/latex/pgf/co
mpatibility/pgfcomp-version-0-65.sty
Package: pgfcomp-version-0-65 2023-01-15 v3.1.10 (3.1.10)
\pgf@nodesepstart=\dimen274
\pgf@nodesepend=\dimen275
)
(/Users/zeke/Library/Application Support/MiKTeX/texmfs/install/tex/latex/pgf/co
mpatibility/pgfcomp-version-1-18.sty
Package: pgfcomp-version-1-18 2023-01-15 v3.1.10 (3.1.10)
))
(/Users/zeke/Library/Application Support/MiKTeX/texmfs/install/tex/latex/tools/
verbatim.sty
Package: verbatim 2023-11-06 v1.5v LaTeX2e package for verbatim enhancements
\every@verbatim=\toks46
\verbatim@line=\toks47
\verbatim@in@stream=\read4
)
(/Users/zeke/Library/Application Support/MiKTeX/texmfs/install/tex/latex/enviro
n/environ.sty
Package: environ 2014/05/04 v0.3 A new way to define environments

(/Users/zeke/Library/Application Support/MiKTeX/texmfs/install/tex/latex/trimsp
aces/trimspaces.sty
Package: trimspaces 2009/09/17 v1.1 Trim spaces around a token list
))
\tcb@titlebox=\box65
\tcb@upperbox=\box66
\tcb@lowerbox=\box67
\tcb@phantombox=\box68
\c@tcbbreakpart=\count315
\c@tcblayer=\count316
\c@tcolorbox@number=\count317
\l__tcobox_tmpa_box=\box69
\l__tcobox_tmpa_dim=\dimen276
\tcb@temp=\box70
\tcb@temp=\box71
\tcb@temp=\box72
\tcb@temp=\box73

(/Users/zeke/Library/Application Support/MiKTeX/texmfs/install/tex/latex/tcolor
box/tcbraster.code.tex
Library (tcolorbox): 'tcbraster.code.tex' version '6.2.0'
\c@tcbrastercolumn=\count318
\c@tcbrasterrow=\count319
\c@tcbrasternum=\count320
\c@tcbraster=\count321
)
(/Users/zeke/Library/Application Support/MiKTeX/texmfs/install/tex/latex/tcolor
box/tcbskins.code.tex
Library (tcolorbox): 'tcbskins.code.tex' version '6.2.0'

(/Users/zeke/Library/Application Support/MiKTeX/texmfs/install/tex/latex/pgf/fr
ontendlayer/tikz.sty
(/Users/zeke/Library/Application Support/MiKTeX/texmfs/install/tex/latex/pgf/ut
ilities/pgffor.sty
(/Users/zeke/Library/Application Support/MiKTeX/texmfs/install/tex/latex/pgf/ut
ilities/pgfkeys.sty
(/Users/zeke/Library/Application Support/MiKTeX/texmfs/install/tex/generic/pgf/
utilities/pgfkeys.code.tex))
(/Users/zeke/Library/Application Support/MiKTeX/texmfs/install/tex/latex/pgf/ma
th/pgfmath.sty
(/Users/zeke/Library/Application Support/MiKTeX/texmfs/install/tex/generic/pgf/
math/pgfmath.code.tex))
(/Users/zeke/Library/Application Support/MiKTeX/texmfs/install/tex/generic/pgf/
utilities/pgffor.code.tex
Package: pgffor 2023-01-15 v3.1.10 (3.1.10)
\pgffor@iter=\dimen277
\pgffor@skip=\dimen278
\pgffor@stack=\toks48
\pgffor@toks=\toks49
))
(/Users/zeke/Library/Application Support/MiKTeX/texmfs/install/tex/generic/pgf/
frontendlayer/tikz/tikz.code.tex
Package: tikz 2023-01-15 v3.1.10 (3.1.10)

(/Users/zeke/Library/Application Support/MiKTeX/texmfs/install/tex/generic/pgf/
libraries/pgflibraryplothandlers.code.tex
File: pgflibraryplothandlers.code.tex 2023-01-15 v3.1.10 (3.1.10)
\pgf@plot@mark@count=\count322
\pgfplotmarksize=\dimen279
)
\tikz@lastx=\dimen280
\tikz@lasty=\dimen281
\tikz@lastxsaved=\dimen282
\tikz@lastysaved=\dimen283
\tikz@lastmovetox=\dimen284
\tikz@lastmovetoy=\dimen285
\tikzleveldistance=\dimen286
\tikzsiblingdistance=\dimen287
\tikz@figbox=\box74
\tikz@figbox@bg=\box75
\tikz@tempbox=\box76
\tikz@tempbox@bg=\box77
\tikztreelevel=\count323
\tikznumberofchildren=\count324
\tikznumberofcurrentchild=\count325
\tikz@fig@count=\count326

(/Users/zeke/Library/Application Support/MiKTeX/texmfs/install/tex/generic/pgf/
modules/pgfmodulematrix.code.tex
File: pgfmodulematrix.code.tex 2023-01-15 v3.1.10 (3.1.10)
\pgfmatrixcurrentrow=\count327
\pgfmatrixcurrentcolumn=\count328
\pgf@matrix@numberofcolumns=\count329
)
\tikz@expandcount=\count330

(/Users/zeke/Library/Application Support/MiKTeX/texmfs/install/tex/generic/pgf/
frontendlayer/tikz/libraries/tikzlibrarytopaths.code.tex
File: tikzlibrarytopaths.code.tex 2023-01-15 v3.1.10 (3.1.10)
)))
(/Users/zeke/Library/Application Support/MiKTeX/texmfs/install/tex/latex/tikzfi
ll/tikzfill.image.sty
Package: tikzfill.image 2023/08/08 v1.0.1 Image filling library for TikZ

(/Users/zeke/Library/Application Support/MiKTeX/texmfs/install/tex/latex/tikzfi
ll/tikzfill-common.sty
Package: tikzfill-common 2023/08/08 v1.0.1 Auxiliary code for tikzfill
)
(/Users/zeke/Library/Application Support/MiKTeX/texmfs/install/tex/latex/tikzfi
ll/tikzlibraryfill.image.code.tex
File: tikzlibraryfill.image.code.tex 2023/08/08 v1.0.1 Image filling library
\l__tikzfill_img_box=\box78
))
(/Users/zeke/Library/Application Support/MiKTeX/texmfs/install/tex/latex/tcolor
box/tcbskinsjigsaw.code.tex
Library (tcolorbox): 'tcbskinsjigsaw.code.tex' version '6.2.0'
))
(/Users/zeke/Library/Application Support/MiKTeX/texmfs/install/tex/latex/tcolor
box/tcbbreakable.code.tex
Library (tcolorbox): 'tcbbreakable.code.tex' version '6.2.0'

(/Users/zeke/Library/Application Support/MiKTeX/texmfs/install/tex/latex/pdfcol
/pdfcol.sty
Package: pdfcol 2022-09-21 v1.7 Handle new color stacks for pdfTeX (HO)
)
Package pdfcol Info: New color stack `tcb@breakable' = 1 on input line 23.
\tcb@testbox=\box79
\tcb@totalupperbox=\box80
\tcb@totallowerbox=\box81
)
(/Users/zeke/Library/Application Support/MiKTeX/texmfs/install/tex/latex/tcolor
box/tcbhooks.code.tex
Library (tcolorbox): 'tcbhooks.code.tex' version '6.2.0'
)
(/Users/zeke/Library/Application Support/MiKTeX/texmfs/install/tex/latex/tcolor
box/tcbtheorems.code.tex
Library (tcolorbox): 'tcbtheorems.code.tex' version '6.2.0'
)
(/Users/zeke/Library/Application Support/MiKTeX/texmfs/install/tex/latex/tcolor
box/tcbfitting.code.tex
Library (tcolorbox): 'tcbfitting.code.tex' version '6.2.0'
\tcbfitdim=\dimen288
\tcb@lowerfitdim=\dimen289
\tcb@upperfitdim=\dimen290
\tcb@cur@hbadness=\count331
)
(/Users/zeke/Library/Application Support/MiKTeX/texmfs/install/tex/latex/tcolor
box/tcblistingsutf8.code.tex
Library (tcolorbox): 'tcblistingsutf8.code.tex' version '6.2.0'

(/Users/zeke/Library/Application Support/MiKTeX/texmfs/install/tex/latex/tcolor
box/tcblistings.code.tex
Library (tcolorbox): 'tcblistings.code.tex' version '6.2.0'

(/Users/zeke/Library/Application Support/MiKTeX/texmfs/install/tex/latex/listin
gs/listings.sty
\lst@mode=\count332
\lst@gtempboxa=\box82
\lst@token=\toks50
\lst@length=\count333
\lst@currlwidth=\dimen291
\lst@column=\count334
\lst@pos=\count335
\lst@lostspace=\dimen292
\lst@width=\dimen293
\lst@newlines=\count336
\lst@lineno=\count337
\lst@maxwidth=\dimen294

(/Users/zeke/Library/Application Support/MiKTeX/texmfs/install/tex/latex/listin
gs/lstmisc.sty
File: lstmisc.sty 2023/02/27 1.9 (Carsten Heinz)
\c@lstnumber=\count338
\lst@skipnumbers=\count339
\lst@framebox=\box83
)
(/Users/zeke/Library/Application Support/MiKTeX/texmfs/install/tex/latex/listin
gs/listings.cfg
File: listings.cfg 2023/02/27 1.9 listings configuration
))
Package: listings 2023/02/27 1.9 (Carsten Heinz)

(/Users/zeke/Library/Application Support/MiKTeX/texmfs/install/tex/latex/tcolor
box/tcblistingscore.code.tex
Library (tcolorbox): 'tcblistingscore.code.tex' version '6.2.0'

(/Users/zeke/Library/Application Support/MiKTeX/texmfs/install/tex/latex/tcolor
box/tcbprocessing.code.tex
Library (tcolorbox): 'tcbprocessing.code.tex' version '6.2.0'
)
\c@tcblisting=\count340
))
(/Users/zeke/Library/Application Support/MiKTeX/texmfs/install/tex/latex/listin
gsutf8/listingsutf8.sty
Package: listingsutf8 2019-12-10 v1.5 Allow UTF-8 in listings input (HO)

(/Users/zeke/Library/Application Support/MiKTeX/texmfs/install/tex/generic/stri
ngenc/stringenc.sty
Package: stringenc 2019/11/29 v1.12 Convert strings between diff. encodings (HO
)
)))
(/Users/zeke/Library/Application Support/MiKTeX/texmfs/install/tex/latex/tcolor
box/tcbexternal.code.tex
Library (tcolorbox): 'tcbexternal.code.tex' version '6.2.0'
)
(/Users/zeke/Library/Application Support/MiKTeX/texmfs/install/tex/latex/tcolor
box/tcbmagazine.code.tex
Library (tcolorbox): 'tcbmagazine.code.tex' version '6.2.0'
)
(/Users/zeke/Library/Application Support/MiKTeX/texmfs/install/tex/latex/tcolor
box/tcbvignette.code.tex
Library (tcolorbox): 'tcbvignette.code.tex' version '6.2.0'

(/Users/zeke/Library/Application Support/MiKTeX/texmfs/install/tex/generic/pgf/
frontendlayer/tikz/libraries/tikzlibraryfadings.code.tex
File: tikzlibraryfadings.code.tex 2023-01-15 v3.1.10 (3.1.10)

(/Users/zeke/Library/Application Support/MiKTeX/texmfs/install/tex/generic/pgf/
libraries/pgflibraryfadings.code.tex
File: pgflibraryfadings.code.tex 2023-01-15 v3.1.10 (3.1.10)
)))
(/Users/zeke/Library/Application Support/MiKTeX/texmfs/install/tex/latex/tcolor
box/tcbposter.code.tex
Library (tcolorbox): 'tcbposter.code.tex' version '6.2.0'
))
(/Users/zeke/Library/Application Support/MiKTeX/texmfs/install/tex/latex/varwid
th/varwidth.sty
Package: varwidth 2009/03/30 ver 0.92;  Variable-width minipages
\@vwid@box=\box84
\sift@deathcycles=\count341
\@vwid@loff=\dimen295
\@vwid@roff=\dimen296
)
(/Users/zeke/Library/Application Support/MiKTeX/texmfs/install/tex/latex/tools/
multicol.sty
Package: multicol 2023/03/30 v1.9f multicolumn formatting (FMi)
\c@tracingmulticols=\count342
\mult@box=\box85
\multicol@leftmargin=\dimen297
\c@unbalance=\count343
\c@collectmore=\count344
\doublecol@number=\count345
\multicoltolerance=\count346
\multicolpretolerance=\count347
\full@width=\dimen298
\page@free=\dimen299
\premulticols=\dimen300
\postmulticols=\dimen301
\multicolsep=\skip63
\multicolbaselineskip=\skip64
\partial@page=\box86
\last@line=\box87
\mc@boxedresult=\box88
\maxbalancingoverflow=\dimen302
\mult@rightbox=\box89
\mult@grightbox=\box90
\mult@firstbox=\box91
\mult@gfirstbox=\box92
\@tempa=\box93
\@tempa=\box94
\@tempa=\box95
\@tempa=\box96
\@tempa=\box97
\@tempa=\box98
\@tempa=\box99
\@tempa=\box100
\@tempa=\box101
\@tempa=\box102
\@tempa=\box103
\@tempa=\box104
\@tempa=\box105
\@tempa=\box106
\@tempa=\box107
\@tempa=\box108
\@tempa=\box109
\@tempa=\box110
\@tempa=\box111
\@tempa=\box112
\@tempa=\box113
\@tempa=\box114
\@tempa=\box115
\@tempa=\box116
\@tempa=\box117
\@tempa=\box118
\@tempa=\box119
\@tempa=\box120
\@tempa=\box121
\@tempa=\box122
\@tempa=\box123
\@tempa=\box124
\@tempa=\box125
\@tempa=\box126
\@tempa=\box127
\@tempa=\box128
\c@minrows=\count348
\c@columnbadness=\count349
\c@finalcolumnbadness=\count350
\last@try=\dimen303
\multicolovershoot=\dimen304
\multicolundershoot=\dimen305
\mult@nat@firstbox=\box129
\colbreak@box=\box130
\mc@col@check@num=\count351
)
(/Users/zeke/Library/Application Support/MiKTeX/texmfs/install/tex/latex/tools/
array.sty
Package: array 2023/10/16 v2.5g Tabular extension package (FMi)
\col@sep=\dimen306
\ar@mcellbox=\box131
\extrarowheight=\dimen307
\NC@list=\toks51
\extratabsurround=\skip65
\backup@length=\skip66
\ar@cellbox=\box132
)
(/Users/zeke/Library/Application Support/MiKTeX/texmfs/install/tex/latex/tikz-c
d/tikz-cd.sty
Package: tikz-cd 2021/05/04 v1.0 Commutative diagrams with TikZ

(/Users/zeke/Library/Application Support/MiKTeX/texmfs/install/tex/latex/tikz-c
d/tikzlibrarycd.code.tex
(/Users/zeke/Library/Application Support/MiKTeX/texmfs/install/tex/generic/pgf/
frontendlayer/tikz/libraries/tikzlibrarymatrix.code.tex
File: tikzlibrarymatrix.code.tex 2023-01-15 v3.1.10 (3.1.10)
)
(/Users/zeke/Library/Application Support/MiKTeX/texmfs/install/tex/generic/pgf/
frontendlayer/tikz/libraries/tikzlibraryquotes.code.tex
File: tikzlibraryquotes.code.tex 2023-01-15 v3.1.10 (3.1.10)
)
(/Users/zeke/Library/Application Support/MiKTeX/texmfs/install/tex/generic/pgf/
libraries/pgflibraryarrows.meta.code.tex
File: pgflibraryarrows.meta.code.tex 2023-01-15 v3.1.10 (3.1.10)
\pgfarrowinset=\dimen308
\pgfarrowlength=\dimen309
\pgfarrowwidth=\dimen310
\pgfarrowlinewidth=\dimen311
)))
(/Users/zeke/Library/Application Support/MiKTeX/texmfs/install/tex/latex/algori
thm2e/algorithm2e.sty
Package: algorithm2e 2017/07/18 v5.2 algorithms environments
\c@AlgoLine=\count352

(/Users/zeke/Library/Application Support/MiKTeX/texmfs/install/tex/latex/base/i
fthen.sty
Package: ifthen 2022/04/13 v1.1d Standard LaTeX ifthen package (DPC)
)
\algocf@hangindent=\skip67

(/Users/zeke/Library/Application Support/MiKTeX/texmfs/install/tex/latex/ifoddp
age/ifoddpage.sty
Package: ifoddpage 2022/10/18 v1.2 Conditionals for odd/even page detection
\c@checkoddpage=\count353
)
(/Users/zeke/Library/Application Support/MiKTeX/texmfs/install/tex/latex/tools/
xspace.sty
Package: xspace 2014/10/28 v1.13 Space after command names (DPC,MH)
)
(/Users/zeke/Library/Application Support/MiKTeX/texmfs/install/tex/latex/relsiz
e/relsize.sty
Package: relsize 2013/03/29 ver 4.1
)
\skiptotal=\skip68
\skiplinenumber=\skip69
\skiprule=\skip70
\skiphlne=\skip71
\skiptext=\skip72
\skiplength=\skip73
\algomargin=\skip74
\skipalgocfslide=\skip75
\algowidth=\dimen312
\inoutsize=\dimen313
\inoutindent=\dimen314
\interspacetitleruled=\dimen315
\interspacealgoruled=\dimen316
\interspacetitleboxruled=\dimen317
\algocf@ruledwidth=\skip76
\algocf@inoutbox=\box133
\algocf@inputbox=\box134
\AlCapSkip=\skip77
\AlCapHSkip=\skip78
\algoskipindent=\skip79
\algocf@nlbox=\box135
\algocf@hangingbox=\box136
\algocf@untilbox=\box137
\algocf@skipuntil=\skip80
\algocf@capbox=\box138
\algocf@lcaptionbox=\skip81
\algoheightruledefault=\skip82
\algoheightrule=\skip83
\algotitleheightruledefault=\skip84
\algotitleheightrule=\skip85
\c@algocfline=\count354
\c@algocfproc=\count355
\c@algocf=\count356
\algocf@algoframe=\box139
\algocf@algobox=\box140
)
(/Users/zeke/Library/Application Support/MiKTeX/texmfs/install/tex/latex/commen
t/comment.sty
\CommentStream=\write4
 Excluding comment 'comment')
(/Users/zeke/Library/Application Support/MiKTeX/texmfs/install/tex/latex/import
/import.sty
Package: import 2020/04/01  v 6.2
)
(/Users/zeke/Library/Application Support/MiKTeX/texmfs/install/tex/latex/xifthe
n/xifthen.sty
Package: xifthen 2015/11/05 v1.4.0 Extended ifthen features

(/Users/zeke/Library/Application Support/MiKTeX/texmfs/install/tex/latex/ifmtar
g/ifmtarg.sty
Package: ifmtarg 2018/04/16 v1.2b check for an empty argument
))
(/Users/zeke/Library/Application Support/MiKTeX/texmfs/install/tex/latex/pdfpag
es/pdfpages.sty
Package: pdfpages 2024/01/21 v0.5y Insert pages of external PDF documents (AM)

(/Users/zeke/Library/Application Support/MiKTeX/texmfs/install/tex/latex/eso-pi
c/eso-pic.sty
Package: eso-pic 2023/05/03 v3.0c eso-pic (RN)
\ESO@tempdima=\dimen318
\ESO@tempdimb=\dimen319
)
\AM@pagewidth=\dimen320
\AM@pageheight=\dimen321
\AM@fboxrule=\dimen322

(/Users/zeke/Library/Application Support/MiKTeX/texmfs/install/tex/latex/pdfpag
es/pppdftex.def
File: pppdftex.def 2024/01/21 v0.5y Pdfpages driver for pdfTeX (AM)
)
\pdfpages@includegraphics@status=\count357
\AM@pagebox=\box141
\AM@global@opts=\toks52
\AM@pagecnt=\count358
\AM@toc@title=\toks53
\AM@lof@heading=\toks54
\c@AM@survey=\count359
\AM@templatesizebox=\box142
)
(/Users/zeke/Library/Application Support/MiKTeX/texmfs/install/tex/latex/transp
arent/transparent.sty
Package: transparent 2022-10-27 v1.5 Transparency with color stacks

(/Users/zeke/Library/Application Support/MiKTeX/texmfs/install/tex/latex/transp
arent/transparent-nometadata.sty
Package: transparent-nometadata 2022-10-27 v1.5 Transparency via pdfTeX's color
 stack (HO)
))
(/Users/zeke/Library/Application Support/MiKTeX/texmfs/install/tex/latex/tikzsy
mbols/tikzsymbols.sty
Package: tikzsymbols 2021/12/14 v4.12a Some symbols created using tikz and LaTe
X3.

(/Users/zeke/Library/Application Support/MiKTeX/texmfs/install/tex/generic/pgf/
frontendlayer/tikz/libraries/tikzlibraryarrows.code.tex
File: tikzlibraryarrows.code.tex 2023-01-15 v3.1.10 (3.1.10)

(/Users/zeke/Library/Application Support/MiKTeX/texmfs/install/tex/generic/pgf/
libraries/pgflibraryarrows.code.tex
File: pgflibraryarrows.code.tex 2023-01-15 v3.1.10 (3.1.10)
\arrowsize=\dimen323
))
(/Users/zeke/Library/Application Support/MiKTeX/texmfs/install/tex/generic/pgf/
frontendlayer/tikz/libraries/tikzlibrarydecorations.pathmorphing.code.tex
(/Users/zeke/Library/Application Support/MiKTeX/texmfs/install/tex/generic/pgf/
frontendlayer/tikz/libraries/tikzlibrarydecorations.code.tex
(/Users/zeke/Library/Application Support/MiKTeX/texmfs/install/tex/generic/pgf/
modules/pgfmoduledecorations.code.tex
\pgfdecoratedcompleteddistance=\dimen324
\pgfdecoratedremainingdistance=\dimen325
\pgfdecoratedinputsegmentcompleteddistance=\dimen326
\pgfdecoratedinputsegmentremainingdistance=\dimen327
\pgf@decorate@distancetomove=\dimen328
\pgf@decorate@repeatstate=\count360
\pgfdecorationsegmentamplitude=\dimen329
\pgfdecorationsegmentlength=\dimen330
)
\tikz@lib@dec@box=\box143
)
(/Users/zeke/Library/Application Support/MiKTeX/texmfs/install/tex/generic/pgf/
libraries/decorations/pgflibrarydecorations.pathmorphing.code.tex))
(/Users/zeke/Library/Application Support/MiKTeX/texmfs/install/tex/generic/pgf/
frontendlayer/tikz/libraries/tikzlibrarytrees.code.tex
File: tikzlibrarytrees.code.tex 2023-01-15 v3.1.10 (3.1.10)
)
\l__tikzsymbols_Moai_thickness_dim=\dimen331
\l__tikzsymbols_Kochtopf_nr_arguments_int=\count361
\l__tikzsymbols_Bratpfanne_nr_arguments_int=\count362
\l__tikzsymbols_Schneebesen_nr_arguments_int=\count363
\l__tikzsymbols_Sieb_nr_arguments_int=\count364
\l__tikzsymbols_Purierstab_nr_arguments_int=\count365
\l__tikzsymbols_Dreizack_nr_arguments_int=\count366
\l__tikzsymbols_Backblech_nr_arguments_int=\count367
\l__tikzsymbols_Ofen_nr_arguments_int=\count368
\l__tikzsymbols_Pfanne_nr_arguments_int=\count369
\l__tikzsymbols_Herd_nr_arguments_int=\count370
\l__tikzsymbols_Saftpresse_nr_arguments_int=\count371
\l__tikzsymbols_Schussel_nr_arguments_int=\count372
\l__tikzsymbols_Schaler_nr_arguments_int=\count373
\l__tikzsymbols_Reibe_nr_arguments_int=\count374
\l__tikzsymbols_Flasche_nr_arguments_int=\count375
\l__tikzsymbols_Nudelholz_nr_arguments_int=\count376
\l__tikzsymbols_Knoblauchpresse_nr_arguments_int=\count377
\l__tikzsymbols_Sadey_nr_arguments_int=\count378
\l__tikzsymbols_dSadey_nr_arguments_int=\count379
\l__tikzsymbols_Changey_nr_arguments_int=\count380
\l__tikzsymbols_dChangey_nr_arguments_int=\count381
\l__tikzsymbols_cChangey_nr_arguments_int=\count382
\l__tikzsymbols_dcChangey_nr_arguments_int=\count383
\l__tikzsymbols_Annoey_nr_arguments_int=\count384
\l__tikzsymbols_dAnnoey_nr_arguments_int=\count385
\l__tikzsymbols_Smiley_nr_arguments_int=\count386
\l__tikzsymbols_dSmiley_nr_arguments_int=\count387
\l__tikzsymbols_Laughey_nr_arguments_int=\count388
\l__tikzsymbols_dLaughey_nr_arguments_int=\count389
\l__tikzsymbols_Neutrey_nr_arguments_int=\count390
\l__tikzsymbols_dNeutrey_nr_arguments_int=\count391
\l__tikzsymbols_Winkey_nr_arguments_int=\count392
\l__tikzsymbols_oldWinkey_nr_arguments_int=\count393
\l__tikzsymbols_dWinkey_nr_arguments_int=\count394
\l__tikzsymbols_olddWinkey_nr_arguments_int=\count395
\l__tikzsymbols_Sey_nr_arguments_int=\count396
\l__tikzsymbols_dSey_nr_arguments_int=\count397
\l__tikzsymbols_Xey_nr_arguments_int=\count398
\l__tikzsymbols_dXey_nr_arguments_int=\count399
\l__tikzsymbols_Innocey_nr_arguments_int=\count400
\l__tikzsymbols_wInnocey_nr_arguments_int=\count401
\l__tikzsymbols_dInnocey_nr_arguments_int=\count402
\l__tikzsymbols_Cooley_nr_arguments_int=\count403
\l__tikzsymbols_dCooley_nr_arguments_int=\count404
\l__tikzsymbols_Tongey_nr_arguments_int=\count405
\l__tikzsymbols_dTongey_nr_arguments_int=\count406
\l__tikzsymbols_Nursey_nr_arguments_int=\count407
\l__tikzsymbols_dNursey_nr_arguments_int=\count408
\l__tikzsymbols_Vomey_nr_arguments_int=\count409
\l__tikzsymbols_dVomey_nr_arguments_int=\count410
\l__tikzsymbols_Walley_nr_arguments_int=\count411
\l__tikzsymbols_rWalley_nr_arguments_int=\count412
\l__tikzsymbols_dWalley_nr_arguments_int=\count413
\l__tikzsymbols_drWalley_nr_arguments_int=\count414
\l__tikzsymbols_Cat_nr_arguments_int=\count415
\l__tikzsymbols_SchrodingersCat_nr_arguments_int=\count416
\l__tikzsymbols_Ninja_nr_arguments_int=\count417
\l__tikzsymbols_dNinja_nr_arguments_int=\count418
\l__tikzsymbols_Sleepey_nr_arguments_int=\count419
\l__tikzsymbols_dSleepey_nr_arguments_int=\count420
\l__tikzsymbols_Maskey_nr_arguments_int=\count421
\l__tikzsymbols_NiceReapey_nr_arguments_int=\count422
\l__tikzsymbols_Strichmaxerl_nr_arguments_int=\count423
\l__tikzsymbols_Person_nr_arguments_int=\count424
\l__tikzsymbols_Heart_nr_arguments_int=\count425
\l__tikzsymbols_dHeart_nr_arguments_int=\count426
\l__tikzsymbols_HeartBroken_nr_arguments_int=\count427
\l__tikzsymbols_Candle_nr_arguments_int=\count428
\l__tikzsymbols_Fire_nr_arguments_int=\count429
\l__tikzsymbols_Coffeecup_nr_arguments_int=\count430
\l__tikzsymbols_Chair_nr_arguments_int=\count431
\l__tikzsymbols_Bed_nr_arguments_int=\count432
\l__tikzsymbols_Tribar_nr_arguments_int=\count433
\l__tikzsymbols_Moai_nr_arguments_int=\count434
\l__tikzsymbols_Snowman_nr_arguments_int=\count435
\l__tikzsymbols_BasicTree_nr_arguments_int=\count436
\l__tikzsymbols_WorstTree_nr_arguments_int=\count437
\l__tikzsymbols_Springtree_nr_arguments_int=\count438
\l__tikzsymbols_Summertree_nr_arguments_int=\count439
\l__tikzsymbols_Autumntree_nr_arguments_int=\count440
\l__tikzsymbols_Wintertree_nr_arguments_int=\count441
)
\c@tcb@cnt@Theorem=\count442
\c@tcb@cnt@theorem=\count443
\c@tcb@cnt@Corollary=\count444
\c@tcb@cnt@corollary=\count445
\c@tcb@cnt@Lenma=\count446
\c@tcb@cnt@lenma=\count447
\c@tcb@cnt@Prop=\count448
\c@tcb@cnt@prop=\count449
\c@tcb@cnt@claim=\count450
\c@tcb@cnt@Exercise=\count451
\c@tcb@cnt@exercise=\count452
\c@tcb@cnt@Example=\count453
\c@tcb@cnt@example=\count454
\c@tcb@cnt@Definition=\count455
\c@tcb@cnt@definition=\count456
\c@tcb@cnt@question=\count457
\c@tcb@cnt@qstion=\count458
\c@tcb@cnt@wconc=\count459

(/Users/zeke/Library/Application Support/MiKTeX/texmfs/install/tex/generic/pgf/
frontendlayer/tikz/libraries/tikzlibrarycalc.code.tex
File: tikzlibrarycalc.code.tex 2023-01-15 v3.1.10 (3.1.10)
)
(/Users/zeke/Library/Application Support/MiKTeX/texmfs/install/tex/latex/pgf-bl
ur/tikzlibraryshadows.blur.code.tex  v1.02, 2012/12/09
(/Users/zeke/Library/Application Support/MiKTeX/texmfs/install/tex/generic/pgf/
frontendlayer/tikz/libraries/tikzlibraryshadows.code.tex
File: tikzlibraryshadows.code.tex 2023-01-15 v3.1.10 (3.1.10)
)
\pgfbs@fading@count=\count460
)
\c@mylabelcounter=\count461
\diffdbox=\box144

(/Users/zeke/Library/Application Support/MiKTeX/texmfs/install/tex/latex/titles
ec/titletoc.sty
Package: titletoc 2023/10/27 v2.16 TOC entries
\ttl@leftsep=\dimen332
)) (macros.tex) (letterfonts.tex) (template.aux)
\openout1 = `template.aux'.

LaTeX Font Info:    Checking defaults for OML/npxmi/m/it on input line 11.
LaTeX Font Info:    Trying to load font information for OML+npxmi on input line
 11.

(/Users/zeke/Library/Application Support/MiKTeX/texmfs/install/tex/latex/newpx/
omlnpxmi.fd
File: omlnpxmi.fd 2013/03/21 Fontinst v1.933 font definitions for OML/npxmi.
)
LaTeX Font Info:    ... okay on input line 11.
LaTeX Font Info:    Checking defaults for OMS/cmsy/m/n on input line 11.
LaTeX Font Info:    ... okay on input line 11.
LaTeX Font Info:    Checking defaults for OT1/cmr/m/n on input line 11.
LaTeX Font Info:    ... okay on input line 11.
LaTeX Font Info:    Checking defaults for T1/cmr/m/n on input line 11.
LaTeX Font Info:    ... okay on input line 11.
LaTeX Font Info:    Checking defaults for TS1/cmr/m/n on input line 11.
LaTeX Font Info:    ... okay on input line 11.
LaTeX Font Info:    Checking defaults for OMX/cmex/m/n on input line 11.
LaTeX Font Info:    ... okay on input line 11.
LaTeX Font Info:    Checking defaults for U/npxexa/m/n on input line 11.
LaTeX Font Info:    Trying to load font information for U+npxexa on input line 
11.

(/Users/zeke/Library/Application Support/MiKTeX/texmfs/install/tex/latex/newpx/
unpxexa.fd
File: unpxexa.fd 2013/03/24 Fontinst v1.933 font definitions for U/npxexa.
)
LaTeX Font Info:    ... okay on input line 11.
LaTeX Font Info:    Checking defaults for LMS/npxsy/m/n on input line 11.
LaTeX Font Info:    Trying to load font information for LMS+npxsy on input line
 11.

(/Users/zeke/Library/Application Support/MiKTeX/texmfs/install/tex/latex/newpx/
lmsnpxsy.fd
File: lmsnpxsy.fd 2016/07/04 Fontinst v1.933 font definitions for LMS/npxsy.
)
LaTeX Font Info:    ... okay on input line 11.
LaTeX Font Info:    Checking defaults for LMX/npxexx/m/n on input line 11.
LaTeX Font Info:    Trying to load font information for LMX+npxexx on input lin
e 11.

(/Users/zeke/Library/Application Support/MiKTeX/texmfs/install/tex/latex/newpx/
lmxnpxexx.fd
File: lmxnpxexx.fd 2016/07/04 Fontinst v1.933 font definitions for LMX/npxexx.
)
LaTeX Font Info:    ... okay on input line 11.
LaTeX Font Info:    Checking defaults for PD1/pdf/m/n on input line 11.
LaTeX Font Info:    ... okay on input line 11.
LaTeX Font Info:    Checking defaults for PU/pdf/m/n on input line 11.
LaTeX Font Info:    ... okay on input line 11.

*geometry* driver: auto-detecting
*geometry* detected driver: pdftex
*geometry* verbose mode - [ preamble ] result:
* driver: pdftex
* paper: <default>
* layout: <same size as paper>
* layoutoffset:(h,v)=(0.0pt,0.0pt)
* modes: 
* h-part:(L,W,R)=(61.42993pt, 491.43513pt, 61.42993pt)
* v-part:(T,H,B)=(61.42993pt, 676.63455pt, 56.9055pt)
* \paperwidth=614.295pt
* \paperheight=794.96999pt
* \textwidth=491.43513pt
* \textheight=676.63455pt
* \oddsidemargin=-10.84006pt
* \evensidemargin=-10.84006pt
* \topmargin=-47.84006pt
* \headheight=12.0pt
* \headsep=25.0pt
* \topskip=10.0pt
* \footskip=14.45377pt
* \marginparwidth=65.0pt
* \marginparsep=11.0pt
* \columnsep=10.0pt
* \skip\footins=9.0pt plus 4.0pt minus 2.0pt
* \hoffset=0.0pt
* \voffset=0.0pt
* \mag=1000
* \@twocolumnfalse
* \@twosidefalse
* \@mparswitchfalse
* \@reversemarginfalse
* (1in=72.27pt=25.4mm, 1cm=28.453pt)

LaTeX Info: Command `\dddot' is already robust on input line 11.
LaTeX Info: Command `\ddddot' is already robust on input line 11.

(/Users/zeke/Library/Application Support/MiKTeX/texmfs/install/tex/context/base
/mkii/supp-pdf.mkii
[Loading MPS to PDF converter (version 2006.09.02).]
\scratchcounter=\count462
\scratchdimen=\dimen333
\scratchbox=\box145
\nofMPsegments=\count463
\nofMParguments=\count464
\everyMPshowfont=\toks55
\MPscratchCnt=\count465
\MPscratchDim=\dimen334
\MPnumerator=\count466
\makeMPintoPDFobject=\count467
\everyMPtoPDFconversion=\toks56
)
(/Users/zeke/Library/Application Support/MiKTeX/texmfs/install/tex/latex/epstop
df-pkg/epstopdf-base.sty
Package: epstopdf-base 2020-01-24 v2.11 Base part for package epstopdf
Package epstopdf-base Info: Redefining graphics rule for `.eps' on input line 4
85.

(/Users/zeke/Library/Application Support/MiKTeX/texmfs/install/tex/latex/00mikt
ex/epstopdf-sys.cfg
File: epstopdf-sys.cfg 2021/03/18 v2.0 Configuration of epstopdf for MiKTeX
))
Package hyperref Info: Link coloring ON on input line 11.
\c@lstlisting=\count468

(/Users/zeke/Library/Application Support/MiKTeX/texmfs/install/tex/latex/base/i
nputenc.sty
Package: inputenc 2021/02/14 v1.3d Input encoding file
\inpenc@prehook=\toks57
\inpenc@posthook=\toks58
)
(/Users/zeke/Library/Application Support/MiKTeX/texmfs/install/tex/latex/pdflsc
ape/pdflscape.sty
Package: pdflscape 2022-10-27 v0.13 Display of landscape pages in PDF

(/Users/zeke/Library/Application Support/MiKTeX/texmfs/install/tex/latex/pdflsc
ape/pdflscape-nometadata.sty
Package: pdflscape-nometadata 2022-10-28 v0.13 Display of landscape pages in PD
F (HO)

(/Users/zeke/Library/Application Support/MiKTeX/texmfs/install/tex/latex/graphi
cs/lscape.sty
Package: lscape 2020/05/28 v3.02 Landscape Pages (DPC)
)
Package pdflscape Info: Auto-detected driver: pdftex on input line 81.
)) (template.aux)
 ***********
LaTeX2e <2023-11-01> patch level 1
L3 programming layer <2024-01-22>
 ***********
 ) 
Here is how much of TeX's memory you used:
 36844 strings out of 476476
 753920 string characters out of 2794138
 1924975 words of memory out of 3000000
 58215 multiletter control sequences out of 15000+600000
 558069 words of font info for 36 fonts, out of 8000000 for 9000
 0 hyphenation exceptions out of 8191
 99i,1n,102p,547b,588s stack positions out of 5000i,500n,10000p,200000b,80000s

No pages of output.

pdfTeX warning: miktex-pdftex: dangling objects discarded, no output file produ
ced.

PDF statistics:
 41 PDF objects out of 1000 (max. 8388607)
 0 named destinations out of 1000 (max. 500000)
 157 words of extra memory for PDF output out of 10000 (max. 10000000)

